0 1 x r 1
0 0 x r 7
1 1 1 r 1
1 0 0 r 1
1 _ t l 2
2 0 0 l 3
2 1 1 l 3
3 1 1 l 4
4 0 0 l 4
4 1 1 l 4
5 1 1 l 6
7 0 0 r 7
7 1 1 r 7
7 _ t l 8
8 0 0 l 9
8 1 1 l 9
9 0 0 l 10
10 0 0 l 10
10 1 1 l 10
10 x x r 11
11 1 x r 12
12 0 x r 13
13 y y r 13
13 0 y r 14
13 1 y r 17
14 0 0 r 14
14 1 y r 15
15 0 0 r 15
15 1 y l 16
16 0 0 l 16
16 y y l 16
16 x x r 13
17 0 0 r 17
17 y y r 17
17 1 y l 18
18 0 0 l 18
18 y y l 18
18 x x r 19
19 1 1 r 19
19 y y r 19
19 0 y l 20
20 1 1 l 20
20 y y l 20
20 x x r 13
4 x 1 r 100
100 1 1 l 5
100 x x l 5
100 0 0 l 5
100 _ _ l 5
100 t t l 5
100 y y l 5
6 1 1 r 101
101 1 1 l halt-accept
101 x x l halt-accept
101 0 0 l halt-accept
101 _ _ l halt-accept
101 t t l halt-accept
101 y y l halt-accept
9 1 1 r 102
102 1 1 l halt-accept
102 x x l halt-accept
102 0 0 l halt-accept
102 _ _ l halt-accept
102 t t l halt-accept
102 y y l halt-accept
13 _ t r 103
103 1 1 l halt-accept
103 x x l halt-accept
103 0 0 l halt-accept
103 _ _ l halt-accept
103 t t l halt-accept
103 y y l halt-accept
